{"C:\\Assignment of nodejs\\Assignnment-8\\src\\server.js": {"path":"C:\\Assignment of nodejs\\Assignnment-8\\src\\server.js","statementMap":{"0":{"start":{"line":1,"column":14},"end":{"line":1,"column":32}},"1":{"start":{"line":2,"column":11},"end":{"line":2,"column":35}},"2":{"start":{"line":3,"column":11},"end":{"line":3,"column":35}},"3":{"start":{"line":4,"column":17},"end":{"line":4,"column":39}},"4":{"start":{"line":5,"column":15},"end":{"line":5,"column":34}},"5":{"start":{"line":6,"column":10},"end":{"line":6,"column":19}},"6":{"start":{"line":8,"column":0},"end":{"line":8,"column":26}},"7":{"start":{"line":10,"column":0},"end":{"line":15,"column":3}},"8":{"start":{"line":11,"column":4},"end":{"line":11,"column":31}},"9":{"start":{"line":13,"column":4},"end":{"line":13,"column":20}},"10":{"start":{"line":17,"column":0},"end":{"line":17,"column":22}},"11":{"start":{"line":18,"column":0},"end":{"line":18,"column":22}},"12":{"start":{"line":20,"column":0},"end":{"line":22,"column":2}},"13":{"start":{"line":21,"column":4},"end":{"line":21,"column":54}},"14":{"start":{"line":25,"column":0},"end":{"line":25,"column":20}}},"fnMap":{"0":{"name":"(anonymous_0)","decl":{"start":{"line":10,"column":60},"end":{"line":10,"column":61}},"loc":{"start":{"line":10,"column":68},"end":{"line":12,"column":1}},"line":10},"1":{"name":"(anonymous_1)","decl":{"start":{"line":12,"column":9},"end":{"line":12,"column":10}},"loc":{"start":{"line":12,"column":14},"end":{"line":15,"column":1}},"line":12},"2":{"name":"(anonymous_2)","decl":{"start":{"line":20,"column":16},"end":{"line":20,"column":17}},"loc":{"start":{"line":20,"column":27},"end":{"line":22,"column":1}},"line":20}},"branchMap":{},"s":{"0":1,"1":1,"2":1,"3":1,"4":1,"5":1,"6":1,"7":1,"8":1,"9":0,"10":1,"11":1,"12":1,"13":1,"14":1},"f":{"0":1,"1":0,"2":1},"b":{},"_coverageSchema":"1a1c01bbd47fc00a2c39e90264f33305004495a9","hash":"bd8bf5df7bd068c24e34f415319ca5cf4688db47"}
,"C:\\Assignment of nodejs\\Assignnment-8\\src\\Router\\post.js": {"path":"C:\\Assignment of nodejs\\Assignnment-8\\src\\Router\\post.js","statementMap":{"0":{"start":{"line":1,"column":14},"end":{"line":1,"column":32}},"1":{"start":{"line":2,"column":10},"end":{"line":2,"column":33}},"2":{"start":{"line":3,"column":23},"end":{"line":3,"column":54}},"3":{"start":{"line":5,"column":11},"end":{"line":5,"column":41}},"4":{"start":{"line":6,"column":10},"end":{"line":6,"column":26}},"5":{"start":{"line":8,"column":12},"end":{"line":14,"column":2}},"6":{"start":{"line":18,"column":0},"end":{"line":37,"column":6}},"7":{"start":{"line":23,"column":4},"end":{"line":36,"column":7}},"8":{"start":{"line":24,"column":6},"end":{"line":33,"column":7}},"9":{"start":{"line":25,"column":9},"end":{"line":25,"column":56}},"10":{"start":{"line":27,"column":9},"end":{"line":33,"column":6}},"11":{"start":{"line":28,"column":12},"end":{"line":29,"column":39}},"12":{"start":{"line":31,"column":12},"end":{"line":31,"column":70}},"13":{"start":{"line":39,"column":5},"end":{"line":63,"column":7}},"14":{"start":{"line":41,"column":6},"end":{"line":61,"column":8}},"15":{"start":{"line":42,"column":9},"end":{"line":59,"column":10}},"16":{"start":{"line":43,"column":12},"end":{"line":43,"column":67}},"17":{"start":{"line":45,"column":25},"end":{"line":50,"column":14}},"18":{"start":{"line":53,"column":12},"end":{"line":58,"column":14}},"19":{"start":{"line":55,"column":15},"end":{"line":55,"column":102}},"20":{"start":{"line":57,"column":14},"end":{"line":57,"column":87}},"21":{"start":{"line":65,"column":6},"end":{"line":80,"column":8}},"22":{"start":{"line":66,"column":9},"end":{"line":78,"column":18}},"23":{"start":{"line":67,"column":12},"end":{"line":78,"column":16}},"24":{"start":{"line":68,"column":15},"end":{"line":68,"column":70}},"25":{"start":{"line":71,"column":35},"end":{"line":71,"column":43}},"26":{"start":{"line":72,"column":15},"end":{"line":77,"column":17}},"27":{"start":{"line":73,"column":18},"end":{"line":76,"column":20}},"28":{"start":{"line":75,"column":21},"end":{"line":75,"column":80}},"29":{"start":{"line":83,"column":6},"end":{"line":103,"column":8}},"30":{"start":{"line":84,"column":9},"end":{"line":99,"column":11}},"31":{"start":{"line":85,"column":12},"end":{"line":97,"column":13}},"32":{"start":{"line":86,"column":15},"end":{"line":86,"column":70}},"33":{"start":{"line":88,"column":15},"end":{"line":96,"column":17}},"34":{"start":{"line":89,"column":18},"end":{"line":93,"column":19}},"35":{"start":{"line":90,"column":21},"end":{"line":90,"column":80}},"36":{"start":{"line":92,"column":21},"end":{"line":92,"column":71}},"37":{"start":{"line":95,"column":18},"end":{"line":95,"column":73}},"38":{"start":{"line":108,"column":0},"end":{"line":108,"column":20}}},"fnMap":{"0":{"name":"(anonymous_0)","decl":{"start":{"line":18,"column":35},"end":{"line":18,"column":36}},"loc":{"start":{"line":18,"column":49},"end":{"line":37,"column":4}},"line":18},"1":{"name":"(anonymous_1)","decl":{"start":{"line":23,"column":36},"end":{"line":23,"column":37}},"loc":{"start":{"line":23,"column":48},"end":{"line":36,"column":6}},"line":23},"2":{"name":"(anonymous_2)","decl":{"start":{"line":27,"column":40},"end":{"line":27,"column":41}},"loc":{"start":{"line":27,"column":48},"end":{"line":30,"column":10}},"line":27},"3":{"name":"(anonymous_3)","decl":{"start":{"line":30,"column":18},"end":{"line":30,"column":19}},"loc":{"start":{"line":30,"column":23},"end":{"line":33,"column":5}},"line":30},"4":{"name":"(anonymous_4)","decl":{"start":{"line":39,"column":39},"end":{"line":39,"column":40}},"loc":{"start":{"line":39,"column":50},"end":{"line":63,"column":6}},"line":39},"5":{"name":"(anonymous_5)","decl":{"start":{"line":41,"column":38},"end":{"line":41,"column":39}},"loc":{"start":{"line":41,"column":50},"end":{"line":61,"column":7}},"line":41},"6":{"name":"(anonymous_6)","decl":{"start":{"line":54,"column":18},"end":{"line":54,"column":19}},"loc":{"start":{"line":54,"column":26},"end":{"line":56,"column":13}},"line":54},"7":{"name":"(anonymous_7)","decl":{"start":{"line":56,"column":21},"end":{"line":56,"column":22}},"loc":{"start":{"line":56,"column":26},"end":{"line":58,"column":13}},"line":56},"8":{"name":"(anonymous_8)","decl":{"start":{"line":65,"column":43},"end":{"line":65,"column":44}},"loc":{"start":{"line":65,"column":54},"end":{"line":80,"column":7}},"line":65},"9":{"name":"(anonymous_9)","decl":{"start":{"line":66,"column":41},"end":{"line":66,"column":42}},"loc":{"start":{"line":66,"column":53},"end":{"line":78,"column":17}},"line":66},"10":{"name":"(anonymous_10)","decl":{"start":{"line":72,"column":90},"end":{"line":72,"column":91}},"loc":{"start":{"line":72,"column":100},"end":{"line":77,"column":16}},"line":72},"11":{"name":"(anonymous_11)","decl":{"start":{"line":74,"column":25},"end":{"line":74,"column":26}},"loc":{"start":{"line":74,"column":30},"end":{"line":76,"column":19}},"line":74},"12":{"name":"(anonymous_12)","decl":{"start":{"line":83,"column":47},"end":{"line":83,"column":48}},"loc":{"start":{"line":83,"column":58},"end":{"line":103,"column":7}},"line":83},"13":{"name":"(anonymous_13)","decl":{"start":{"line":84,"column":41},"end":{"line":84,"column":42}},"loc":{"start":{"line":84,"column":53},"end":{"line":99,"column":10}},"line":84},"14":{"name":"(anonymous_14)","decl":{"start":{"line":88,"column":76},"end":{"line":88,"column":77}},"loc":{"start":{"line":88,"column":86},"end":{"line":94,"column":16}},"line":88},"15":{"name":"(anonymous_15)","decl":{"start":{"line":94,"column":24},"end":{"line":94,"column":25}},"loc":{"start":{"line":94,"column":29},"end":{"line":96,"column":16}},"line":94}},"branchMap":{"0":{"loc":{"start":{"line":24,"column":6},"end":{"line":33,"column":7}},"type":"if","locations":[{"start":{"line":24,"column":6},"end":{"line":33,"column":7}},{"start":{"line":26,"column":11},"end":{"line":33,"column":7}}],"line":24},"1":{"loc":{"start":{"line":42,"column":9},"end":{"line":59,"column":10}},"type":"if","locations":[{"start":{"line":42,"column":9},"end":{"line":59,"column":10}},{"start":{"line":44,"column":14},"end":{"line":59,"column":10}}],"line":42},"2":{"loc":{"start":{"line":67,"column":12},"end":{"line":78,"column":16}},"type":"if","locations":[{"start":{"line":67,"column":12},"end":{"line":78,"column":16}},{"start":{"line":69,"column":17},"end":{"line":78,"column":16}}],"line":67},"3":{"loc":{"start":{"line":85,"column":12},"end":{"line":97,"column":13}},"type":"if","locations":[{"start":{"line":85,"column":12},"end":{"line":97,"column":13}},{"start":{"line":87,"column":17},"end":{"line":97,"column":13}}],"line":85},"4":{"loc":{"start":{"line":89,"column":18},"end":{"line":93,"column":19}},"type":"if","locations":[{"start":{"line":89,"column":18},"end":{"line":93,"column":19}},{"start":{"line":91,"column":23},"end":{"line":93,"column":19}}],"line":89}},"s":{"0":1,"1":1,"2":1,"3":1,"4":1,"5":1,"6":1,"7":0,"8":0,"9":0,"10":0,"11":0,"12":0,"13":1,"14":0,"15":0,"16":0,"17":0,"18":0,"19":0,"20":0,"21":1,"22":0,"23":0,"24":0,"25":0,"26":0,"27":0,"28":0,"29":1,"30":0,"31":0,"32":0,"33":0,"34":0,"35":0,"36":0,"37":0,"38":1},"f":{"0":0,"1":0,"2":0,"3":0,"4":0,"5":0,"6":0,"7":0,"8":0,"9":0,"10":0,"11":0,"12":0,"13":0,"14":0,"15":0},"b":{"0":[0,0],"1":[0,0],"2":[0,0],"3":[0,0],"4":[0,0]},"_coverageSchema":"1a1c01bbd47fc00a2c39e90264f33305004495a9","hash":"e0d36ec5989ab737c60741511fa0eacb064f9557"}
,"C:\\Assignment of nodejs\\Assignnment-8\\src\\Router\\user.js": {"path":"C:\\Assignment of nodejs\\Assignnment-8\\src\\Router\\user.js","statementMap":{"0":{"start":{"line":1,"column":16},"end":{"line":1,"column":34}},"1":{"start":{"line":2,"column":13},"end":{"line":2,"column":30}},"2":{"start":{"line":3,"column":10},"end":{"line":3,"column":33}},"3":{"start":{"line":4,"column":12},"end":{"line":4,"column":42}},"4":{"start":{"line":6,"column":19},"end":{"line":6,"column":35}},"5":{"start":{"line":14,"column":0},"end":{"line":41,"column":3}},"6":{"start":{"line":15,"column":17},"end":{"line":15,"column":25}},"7":{"start":{"line":16,"column":2},"end":{"line":39,"column":4}},"8":{"start":{"line":17,"column":17},"end":{"line":22,"column":6}},"9":{"start":{"line":24,"column":4},"end":{"line":36,"column":9}},"10":{"start":{"line":26,"column":8},"end":{"line":29,"column":11}},"11":{"start":{"line":32,"column":8},"end":{"line":35,"column":11}},"12":{"start":{"line":38,"column":4},"end":{"line":38,"column":49}},"13":{"start":{"line":44,"column":0},"end":{"line":85,"column":2}},"14":{"start":{"line":45,"column":17},"end":{"line":45,"column":25}},"15":{"start":{"line":46,"column":1},"end":{"line":84,"column":3}},"16":{"start":{"line":47,"column":2},"end":{"line":77,"column":3}},"17":{"start":{"line":48,"column":4},"end":{"line":71,"column":6}},"18":{"start":{"line":49,"column":6},"end":{"line":68,"column":7}},"19":{"start":{"line":50,"column":21},"end":{"line":59,"column":9}},"20":{"start":{"line":61,"column":9},"end":{"line":64,"column":10}},"21":{"start":{"line":67,"column":8},"end":{"line":67,"column":63}},"22":{"start":{"line":70,"column":6},"end":{"line":70,"column":51}},"23":{"start":{"line":74,"column":4},"end":{"line":76,"column":6}},"24":{"start":{"line":81,"column":3},"end":{"line":83,"column":5}},"25":{"start":{"line":87,"column":0},"end":{"line":87,"column":28}}},"fnMap":{"0":{"name":"(anonymous_0)","decl":{"start":{"line":14,"column":29},"end":{"line":14,"column":30}},"loc":{"start":{"line":14,"column":43},"end":{"line":41,"column":1}},"line":14},"1":{"name":"(anonymous_1)","decl":{"start":{"line":16,"column":41},"end":{"line":16,"column":42}},"loc":{"start":{"line":16,"column":58},"end":{"line":37,"column":3}},"line":16},"2":{"name":"(anonymous_2)","decl":{"start":{"line":25,"column":12},"end":{"line":25,"column":13}},"loc":{"start":{"line":25,"column":24},"end":{"line":30,"column":7}},"line":25},"3":{"name":"(anonymous_3)","decl":{"start":{"line":31,"column":13},"end":{"line":31,"column":14}},"loc":{"start":{"line":31,"column":22},"end":{"line":36,"column":7}},"line":31},"4":{"name":"(anonymous_4)","decl":{"start":{"line":37,"column":11},"end":{"line":37,"column":12}},"loc":{"start":{"line":37,"column":16},"end":{"line":39,"column":3}},"line":37},"5":{"name":"(anonymous_5)","decl":{"start":{"line":44,"column":25},"end":{"line":44,"column":26}},"loc":{"start":{"line":44,"column":36},"end":{"line":85,"column":1}},"line":44},"6":{"name":"(anonymous_6)","decl":{"start":{"line":46,"column":43},"end":{"line":46,"column":44}},"loc":{"start":{"line":46,"column":49},"end":{"line":80,"column":2}},"line":46},"7":{"name":"(anonymous_7)","decl":{"start":{"line":48,"column":57},"end":{"line":48,"column":58}},"loc":{"start":{"line":48,"column":68},"end":{"line":69,"column":5}},"line":48},"8":{"name":"(anonymous_8)","decl":{"start":{"line":69,"column":13},"end":{"line":69,"column":14}},"loc":{"start":{"line":69,"column":18},"end":{"line":71,"column":5}},"line":69},"9":{"name":"(anonymous_9)","decl":{"start":{"line":80,"column":10},"end":{"line":80,"column":11}},"loc":{"start":{"line":80,"column":15},"end":{"line":84,"column":2}},"line":80}},"branchMap":{"0":{"loc":{"start":{"line":47,"column":2},"end":{"line":77,"column":3}},"type":"if","locations":[{"start":{"line":47,"column":2},"end":{"line":77,"column":3}},{"start":{"line":73,"column":7},"end":{"line":77,"column":3}}],"line":47},"1":{"loc":{"start":{"line":49,"column":6},"end":{"line":68,"column":7}},"type":"if","locations":[{"start":{"line":49,"column":6},"end":{"line":68,"column":7}},{"start":{"line":66,"column":11},"end":{"line":68,"column":7}}],"line":49}},"s":{"0":1,"1":1,"2":1,"3":1,"4":1,"5":1,"6":3,"7":3,"8":2,"9":2,"10":1,"11":1,"12":1,"13":1,"14":5,"15":5,"16":4,"17":3,"18":2,"19":1,"20":1,"21":1,"22":1,"23":1,"24":1,"25":1},"f":{"0":3,"1":2,"2":1,"3":1,"4":1,"5":5,"6":4,"7":2,"8":1,"9":1},"b":{"0":[3,1],"1":[1,1]},"_coverageSchema":"1a1c01bbd47fc00a2c39e90264f33305004495a9","hash":"54347786dfa0a5057e3b2db13c37f256f65e5f51"}
,"C:\\Assignment of nodejs\\Assignnment-8\\src\\middleware\\middle.js": {"path":"C:\\Assignment of nodejs\\Assignnment-8\\src\\middleware\\middle.js","statementMap":{"0":{"start":{"line":1,"column":12},"end":{"line":1,"column":35}},"1":{"start":{"line":4,"column":25},"end":{"line":17,"column":1}},"2":{"start":{"line":5,"column":16},"end":{"line":5,"column":55}},"3":{"start":{"line":6,"column":0},"end":{"line":6,"column":18}},"4":{"start":{"line":7,"column":2},"end":{"line":14,"column":3}},"5":{"start":{"line":9,"column":4},"end":{"line":9,"column":22}},"6":{"start":{"line":10,"column":4},"end":{"line":10,"column":11}},"7":{"start":{"line":12,"column":4},"end":{"line":12,"column":59}},"8":{"start":{"line":19,"column":0},"end":{"line":19,"column":34}}},"fnMap":{"0":{"name":"(anonymous_0)","decl":{"start":{"line":4,"column":25},"end":{"line":4,"column":26}},"loc":{"start":{"line":4,"column":45},"end":{"line":17,"column":1}},"line":4}},"branchMap":{"0":{"loc":{"start":{"line":7,"column":2},"end":{"line":14,"column":3}},"type":"if","locations":[{"start":{"line":7,"column":2},"end":{"line":14,"column":3}},{"start":{"line":11,"column":7},"end":{"line":14,"column":3}}],"line":7}},"s":{"0":1,"1":1,"2":0,"3":0,"4":0,"5":0,"6":0,"7":0,"8":1},"f":{"0":0},"b":{"0":[0,0]},"_coverageSchema":"1a1c01bbd47fc00a2c39e90264f33305004495a9","hash":"aad4864c6bb5fe3f2b2815bd09c5c789db542942"}
,"C:\\Assignment of nodejs\\Assignnment-8\\src\\model\\postschema.js": {"path":"C:\\Assignment of nodejs\\Assignnment-8\\src\\model\\postschema.js","statementMap":{"0":{"start":{"line":1,"column":15},"end":{"line":1,"column":34}},"1":{"start":{"line":2,"column":19},"end":{"line":7,"column":2}},"2":{"start":{"line":9,"column":18},"end":{"line":9,"column":51}},"3":{"start":{"line":11,"column":0},"end":{"line":11,"column":26}}},"fnMap":{},"branchMap":{},"s":{"0":1,"1":1,"2":1,"3":1},"f":{},"b":{},"_coverageSchema":"1a1c01bbd47fc00a2c39e90264f33305004495a9","hash":"943ebbc6aa3b6e6aba7493db9c303e199d1ffe09"}
,"C:\\Assignment of nodejs\\Assignnment-8\\src\\model\\userschema.js": {"path":"C:\\Assignment of nodejs\\Assignnment-8\\src\\model\\userschema.js","statementMap":{"0":{"start":{"line":1,"column":17},"end":{"line":1,"column":36}},"1":{"start":{"line":3,"column":17},"end":{"line":7,"column":2}},"2":{"start":{"line":9,"column":17},"end":{"line":9,"column":50}},"3":{"start":{"line":10,"column":0},"end":{"line":10,"column":26}}},"fnMap":{},"branchMap":{},"s":{"0":1,"1":1,"2":1,"3":1},"f":{},"b":{},"_coverageSchema":"1a1c01bbd47fc00a2c39e90264f33305004495a9","hash":"c5f271eb8abeb739487a0934ed01de667ef7df49"}
}
